{"numFailedTestSuites":1,"numFailedTests":1,"numPassedTestSuites":0,"numPassedTests":4,"numPendingTestSuites":0,"numPendingTests":0,"numRuntimeErrorTestSuites":0,"numTodoTests":0,"numTotalTestSuites":1,"numTotalTests":5,"openHandles":[],"snapshot":{"added":0,"didUpdate":false,"failure":false,"filesAdded":0,"filesRemoved":0,"filesRemovedList":[],"filesUnmatched":0,"filesUpdated":0,"matched":0,"total":0,"unchecked":0,"uncheckedKeysByFile":[],"unmatched":0,"updated":0},"startTime":1770980045220,"success":false,"testResults":[{"assertionResults":[{"ancestorTitles":["RBAC (e2e)"],"duration":701,"failing":false,"failureDetails":[],"failureMessages":[],"fullName":"RBAC (e2e) rejects unauthenticated users on /users/me","invocations":1,"location":null,"numPassingAsserts":0,"retryReasons":[],"startAt":1770980048100,"status":"passed","title":"rejects unauthenticated users on /users/me"},{"ancestorTitles":["RBAC (e2e)"],"duration":454,"failing":false,"failureDetails":[],"failureMessages":[],"fullName":"RBAC (e2e) rejects unauthenticated users on /gym/payments","invocations":1,"location":null,"numPassingAsserts":0,"retryReasons":[],"startAt":1770980048802,"status":"passed","title":"rejects unauthenticated users on /gym/payments"},{"ancestorTitles":["RBAC (e2e)"],"duration":415,"failing":false,"failureDetails":[],"failureMessages":[],"fullName":"RBAC (e2e) allows OWNER and STAFF on /me","invocations":1,"location":null,"numPassingAsserts":0,"retryReasons":[],"startAt":1770980049256,"status":"passed","title":"allows OWNER and STAFF on /me"},{"ancestorTitles":["RBAC (e2e)"],"duration":403,"failing":false,"failureDetails":[],"failureMessages":[],"fullName":"RBAC (e2e) rejects STAFF on owner-only /staff/invite","invocations":1,"location":null,"numPassingAsserts":0,"retryReasons":[],"startAt":1770980049672,"status":"passed","title":"rejects STAFF on owner-only /staff/invite"},{"ancestorTitles":["RBAC (e2e)"],"duration":521,"failing":false,"failureDetails":[{}],"failureMessages":["Error: expected 200 \"OK\", got 403 \"Forbidden\"\n    at Object.<anonymous> (E:\\Projects\\gym-saas\\apps\\backend\\test\\rbac.e2e-spec.ts:77:8)\n    at Promise.finally.completed (E:\\Projects\\gym-saas\\apps\\backend\\node_modules\\jest-circus\\build\\jestAdapterInit.js:1557:28)\n    at new Promise (<anonymous>)\n    at callAsyncCircusFn (E:\\Projects\\gym-saas\\apps\\backend\\node_modules\\jest-circus\\build\\jestAdapterInit.js:1497:10)\n    at _callCircusTest (E:\\Projects\\gym-saas\\apps\\backend\\node_modules\\jest-circus\\build\\jestAdapterInit.js:1007:40)\n    at processTicksAndRejections (node:internal/process/task_queues:103:5)\n    at _runTest (E:\\Projects\\gym-saas\\apps\\backend\\node_modules\\jest-circus\\build\\jestAdapterInit.js:947:3)\n    at E:\\Projects\\gym-saas\\apps\\backend\\node_modules\\jest-circus\\build\\jestAdapterInit.js:849:7\n    at _runTestsForDescribeBlock (E:\\Projects\\gym-saas\\apps\\backend\\node_modules\\jest-circus\\build\\jestAdapterInit.js:862:11)\n    at _runTestsForDescribeBlock (E:\\Projects\\gym-saas\\apps\\backend\\node_modules\\jest-circus\\build\\jestAdapterInit.js:857:11)\n    at run (E:\\Projects\\gym-saas\\apps\\backend\\node_modules\\jest-circus\\build\\jestAdapterInit.js:761:3)\n    at runAndTransformResultsToJestFormat (E:\\Projects\\gym-saas\\apps\\backend\\node_modules\\jest-circus\\build\\jestAdapterInit.js:1918:21)\n    at jestAdapter (E:\\Projects\\gym-saas\\apps\\backend\\node_modules\\jest-circus\\build\\runner.js:101:19)\n    at runTestInternal (E:\\Projects\\gym-saas\\apps\\backend\\node_modules\\jest-runner\\build\\index.js:275:16)\n    at runTest (E:\\Projects\\gym-saas\\apps\\backend\\node_modules\\jest-runner\\build\\index.js:343:7)\n----\n    at Test._assertStatus (E:\\Projects\\gym-saas\\apps\\backend\\node_modules\\supertest\\lib\\test.js:309:14)\n    at E:\\Projects\\gym-saas\\apps\\backend\\node_modules\\supertest\\lib\\test.js:365:13\n    at Test._assertFunction (E:\\Projects\\gym-saas\\apps\\backend\\node_modules\\supertest\\lib\\test.js:342:13)\n    at Test.assert (E:\\Projects\\gym-saas\\apps\\backend\\node_modules\\supertest\\lib\\test.js:195:23)\n    at localAssert (E:\\Projects\\gym-saas\\apps\\backend\\node_modules\\supertest\\lib\\test.js:138:14)\n    at Server.<anonymous> (E:\\Projects\\gym-saas\\apps\\backend\\node_modules\\supertest\\lib\\test.js:152:11)\n    at Object.onceWrapper (node:events:622:28)\n    at Server.emit (node:events:508:28)\n    at emitCloseNT (node:net:2419:8)\n    at processTicksAndRejections (node:internal/process/task_queues:88:21)"],"fullName":"RBAC (e2e) allows SUPER_ADMIN and rejects STAFF on /platform/plans","invocations":1,"location":null,"numPassingAsserts":0,"retryReasons":[],"startAt":1770980050075,"status":"failed","title":"allows SUPER_ADMIN and rejects STAFF on /platform/plans"}],"endTime":1770980050624,"message":"\u001b[1m\u001b[31m  \u001b[1m● \u001b[22m\u001b[1mRBAC (e2e) › allows SUPER_ADMIN and rejects STAFF on /platform/plans\u001b[39m\u001b[22m\n\n    expected 200 \"OK\", got 403 \"Forbidden\"\n\u001b[2m\u001b[22m\n\u001b[2m    \u001b[0m \u001b[90m 75 |\u001b[39m       \u001b[33m.\u001b[39m\u001b[36mget\u001b[39m(\u001b[32m'/platform/plans'\u001b[39m)\u001b[22m\n\u001b[2m     \u001b[90m 76 |\u001b[39m       \u001b[33m.\u001b[39m\u001b[36mset\u001b[39m(\u001b[32m'Authorization'\u001b[39m\u001b[33m,\u001b[39m \u001b[32m`Bearer ${superAdminToken}`\u001b[39m)\u001b[22m\n\u001b[2m    \u001b[31m\u001b[1m>\u001b[22m\u001b[2m\u001b[39m\u001b[90m 77 |\u001b[39m       \u001b[33m.\u001b[39mexpect(\u001b[35m200\u001b[39m)\u001b[22m\n\u001b[2m     \u001b[90m    |\u001b[39m        \u001b[31m\u001b[1m^\u001b[22m\u001b[2m\u001b[39m\u001b[22m\n\u001b[2m     \u001b[90m 78 |\u001b[39m       \u001b[33m.\u001b[39mexpect([])\u001b[33m;\u001b[39m\u001b[22m\n\u001b[2m     \u001b[90m 79 |\u001b[39m\u001b[22m\n\u001b[2m     \u001b[90m 80 |\u001b[39m     \u001b[36mconst\u001b[39m staffToken \u001b[33m=\u001b[39m signToken(\u001b[32m'STAFF'\u001b[39m)\u001b[33m;\u001b[39m\u001b[0m\u001b[22m\n\u001b[2m\u001b[22m\n\u001b[2m      \u001b[2mat Object.<anonymous> (\u001b[22m\u001b[2m\u001b[0m\u001b[36mrbac.e2e-spec.ts\u001b[39m\u001b[0m\u001b[2m:77:8)\u001b[22m\u001b[2m\u001b[22m\n\u001b[2m      ----\u001b[22m\n\u001b[2m      \u001b[2mat Test._assertStatus (\u001b[22m\u001b[2m../node_modules/supertest/lib/test.js\u001b[2m:309:14)\u001b[22m\u001b[2m\u001b[22m\n\u001b[2m      \u001b[2mat \u001b[22m\u001b[2m../node_modules/supertest/lib/test.js\u001b[2m:365:13\u001b[22m\u001b[2m\u001b[22m\n\u001b[2m      \u001b[2mat Test._assertFunction (\u001b[22m\u001b[2m../node_modules/supertest/lib/test.js\u001b[2m:342:13)\u001b[22m\u001b[2m\u001b[22m\n\u001b[2m      \u001b[2mat Test.assert (\u001b[22m\u001b[2m../node_modules/supertest/lib/test.js\u001b[2m:195:23)\u001b[22m\u001b[2m\u001b[22m\n\u001b[2m      \u001b[2mat localAssert (\u001b[22m\u001b[2m../node_modules/supertest/lib/test.js\u001b[2m:138:14)\u001b[22m\u001b[2m\u001b[22m\n\u001b[2m      \u001b[2mat Server.<anonymous> (\u001b[22m\u001b[2m../node_modules/supertest/lib/test.js\u001b[2m:152:11)\u001b[22m\u001b[2m\u001b[22m\n","name":"E:\\Projects\\gym-saas\\apps\\backend\\test\\rbac.e2e-spec.ts","startTime":1770980045647,"status":"failed","summary":""}],"wasInterrupted":false}
