# JRE version: OpenJDK Runtime Environment (21.0.8) (build 21.0.8+-14196175-b1038.72)
# Java VM: OpenJDK 64-Bit Server VM (21.0.8+-14196175-b1038.72, mixed mode, tiered, compressed oops, compressed class ptrs, g1 gc, windows-amd64)
GC Precious Log:
 CardTable entry size: 512
 Card Set container configuration: InlinePtr #cards 5 size 8 Array Of Cards #cards 12 size 40 Howl #buckets 4 coarsen threshold 1843 Howl Bitmap #cards 512 size 80 coarsen threshold 460 Card regions per heap region 1 cards per card region 2048
 CPUs: 16 total, 16 available
 Memory: 40824M
 Large Page Support: Disabled
 NUMA Support: Disabled
 Compressed Oops: Enabled (32-bit)
 Heap Region Size: 1M
 Heap Min Capacity: 8M
 Heap Initial Capacity: 638M
 Heap Max Capacity: 2G
 Pre-touch: Disabled
 Parallel Workers: 13
 Concurrent Workers: 3
 Concurrent Refinement Workers: 13
 Periodic GC: Disabled
Heap:
 garbage-first heap   total 90112K, used 48292K [0x0000000080000000, 0x0000000100000000)
  region size 1024K, 3 young (3072K), 3 survivors (3072K)
 Metaspace       used 63223K, committed 64768K, reserved 1114112K
  class space    used 8804K, committed 9536K, reserved 1048576K
GC Heap History (20 events):
Event: 2.622 GC heap after
{Heap after GC invocations=3 (full 0):
 garbage-first heap   total 653312K, used 19911K [0x0000000080000000, 0x0000000100000000)
  region size 1024K, 10 young (10240K), 10 survivors (10240K)
 Metaspace       used 21277K, committed 21504K, reserved 1114112K
  class space    used 2534K, committed 2624K, reserved 1048576K
}
Event: 3.728 GC heap before
{Heap before GC invocations=4 (full 0):
 garbage-first heap   total 71680K, used 69063K [0x0000000080000000, 0x0000000100000000)
  region size 1024K, 59 young (60416K), 10 survivors (10240K)
 Metaspace       used 29414K, committed 29952K, reserved 1114112K
  class space    used 3866K, committed 4096K, reserved 1048576K
}
Event: 3.735 GC heap after
{Heap after GC invocations=5 (full 0):
 garbage-first heap   total 83968K, used 22468K [0x0000000080000000, 0x0000000100000000)
  region size 1024K, 12 young (12288K), 12 survivors (12288K)
 Metaspace       used 29414K, committed 29952K, reserved 1114112K
  class space    used 3866K, committed 4096K, reserved 1048576K
}
Event: 4.519 GC heap before
{Heap before GC invocations=5 (full 0):
 garbage-first heap   total 83968K, used 60356K [0x0000000080000000, 0x0000000100000000)
  region size 1024K, 49 young (50176K), 12 survivors (12288K)
 Metaspace       used 34067K, committed 34816K, reserved 1114112K
  class space    used 4680K, committed 5056K, reserved 1048576K
}
Event: 4.525 GC heap after
{Heap after GC invocations=6 (full 0):
 garbage-first heap   total 83968K, used 25297K [0x0000000080000000, 0x0000000100000000)
  region size 1024K, 6 young (6144K), 6 survivors (6144K)
 Metaspace       used 34067K, committed 34816K, reserved 1114112K
  class space    used 4680K, committed 5056K, reserved 1048576K
}
Event: 5.176 GC heap before
{Heap before GC invocations=6 (full 0):
 garbage-first heap   total 83968K, used 32465K [0x0000000080000000, 0x0000000100000000)
  region size 1024K, 14 young (14336K), 6 survivors (6144K)
 Metaspace       used 35336K, committed 36096K, reserved 1114112K
  class space    used 4886K, committed 5248K, reserved 1048576K
}
Event: 5.180 GC heap after
{Heap after GC invocations=7 (full 0):
 garbage-first heap   total 83968K, used 25499K [0x0000000080000000, 0x0000000100000000)
  region size 1024K, 4 young (4096K), 4 survivors (4096K)
 Metaspace       used 35336K, committed 36096K, reserved 1114112K
  class space    used 4886K, committed 5248K, reserved 1048576K
}
Event: 6.211 GC heap before
{Heap before GC invocations=8 (full 0):
 garbage-first heap   total 83968K, used 66459K [0x0000000080000000, 0x0000000100000000)
  region size 1024K, 45 young (46080K), 4 survivors (4096K)
 Metaspace       used 43772K, committed 44608K, reserved 1114112K
  class space    used 5992K, committed 6400K, reserved 1048576K
}
Event: 6.216 GC heap after
{Heap after GC invocations=9 (full 0):
 garbage-first heap   total 83968K, used 30120K [0x0000000080000000, 0x0000000100000000)
  region size 1024K, 6 young (6144K), 6 survivors (6144K)
 Metaspace       used 43772K, committed 44608K, reserved 1114112K
  class space    used 5992K, committed 6400K, reserved 1048576K
}
Event: 6.747 GC heap before
{Heap before GC invocations=9 (full 0):
 garbage-first heap   total 83968K, used 75176K [0x0000000080000000, 0x0000000100000000)
  region size 1024K, 45 young (46080K), 6 survivors (6144K)
 Metaspace       used 46863K, committed 47808K, reserved 1114112K
  class space    used 6308K, committed 6720K, reserved 1048576K
}
Event: 6.753 GC heap after
{Heap after GC invocations=10 (full 0):
 garbage-first heap   total 87040K, used 34244K [0x0000000080000000, 0x0000000100000000)
  region size 1024K, 4 young (4096K), 4 survivors (4096K)
 Metaspace       used 46863K, committed 47808K, reserved 1114112K
  class space    used 6308K, committed 6720K, reserved 1048576K
}
Event: 7.357 GC heap before
{Heap before GC invocations=10 (full 0):
 garbage-first heap   total 87040K, used 73156K [0x0000000080000000, 0x0000000100000000)
  region size 1024K, 42 young (43008K), 4 survivors (4096K)
 Metaspace       used 51553K, committed 52864K, reserved 1114112K
  class space    used 7108K, committed 7744K, reserved 1048576K
}
Event: 7.360 GC heap after
{Heap after GC invocations=11 (full 0):
 garbage-first heap   total 87040K, used 36710K [0x0000000080000000, 0x0000000100000000)
  region size 1024K, 3 young (3072K), 3 survivors (3072K)
 Metaspace       used 51553K, committed 52864K, reserved 1114112K
  class space    used 7108K, committed 7744K, reserved 1048576K
}
Event: 8.028 GC heap before
{Heap before GC invocations=11 (full 0):
 garbage-first heap   total 87040K, used 75622K [0x0000000080000000, 0x0000000100000000)
  region size 1024K, 41 young (41984K), 3 survivors (3072K)
 Metaspace       used 55882K, committed 57280K, reserved 1114112K
  class space    used 7836K, committed 8512K, reserved 1048576K
}
Event: 8.032 GC heap after
{Heap after GC invocations=12 (full 0):
 garbage-first heap   total 87040K, used 40746K [0x0000000080000000, 0x0000000100000000)
  region size 1024K, 6 young (6144K), 6 survivors (6144K)
 Metaspace       used 55882K, committed 57280K, reserved 1114112K
  class space    used 7836K, committed 8512K, reserved 1048576K
}
Event: 8.515 GC heap before
{Heap before GC invocations=12 (full 0):
 garbage-first heap   total 87040K, used 78634K [0x0000000080000000, 0x0000000100000000)
  region size 1024K, 40 young (40960K), 6 survivors (6144K)
 Metaspace       used 58161K, committed 59648K, reserved 1114112K
  class space    used 8058K, committed 8768K, reserved 1048576K
}
Event: 8.519 GC heap after
{Heap after GC invocations=13 (full 0):
 garbage-first heap   total 90112K, used 45541K [0x0000000080000000, 0x0000000100000000)
  region size 1024K, 4 young (4096K), 4 survivors (4096K)
 Metaspace       used 58161K, committed 59648K, reserved 1114112K
  class space    used 8058K, committed 8768K, reserved 1048576K
}
Event: 8.680 GC heap before
{Heap before GC invocations=13 (full 0):
 garbage-first heap   total 90112K, used 56805K [0x0000000080000000, 0x0000000100000000)
  region size 1024K, 16 young (16384K), 4 survivors (4096K)
 Metaspace       used 58841K, committed 60288K, reserved 1114112K
  class space    used 8167K, committed 8832K, reserved 1048576K
}
Event: 8.683 GC heap after
{Heap after GC invocations=14 (full 0):
 garbage-first heap   total 90112K, used 47050K [0x0000000080000000, 0x0000000100000000)
  region size 1024K, 2 young (2048K), 2 survivors (2048K)
 Metaspace       used 58841K, committed 60288K, reserved 1114112K
  class space    used 8167K, committed 8832K, reserved 1048576K
}
Event: 9.349 GC heap before
{Heap before GC invocations=15 (full 0):
 garbage-first heap   total 90112K, used 79818K [0x0000000080000000, 0x0000000100000000)
  region size 1024K, 34 young (34816K), 2 survivors (2048K)
 Metaspace       used 63223K, committed 64768K, reserved 1114112K
  class space    used 8804K, committed 9536K, reserved 1048576K
}

